  [4;36;1mSQL (0.085343)[0m   [0;1mCREATE TABLE schema_info (version integer)[0m
  [4;35;1mSQL (0.055300)[0m   [0mINSERT INTO schema_info (version) VALUES(0)[0m
  [4;36;1mSQL (0.000000)[0m   [0;1mPGError: ERROR: relation "schema_info" already exists
: CREATE TABLE schema_info (version integer)[0m
  [4;35;1mSQL (0.034228)[0m   [0mSELECT version FROM schema_info[0m
Migrating to CreateLinks (1)
  [4;36;1mSQL (0.082390)[0m   [0;1mCREATE TABLE links ("id" serial primary key, "website_url" text DEFAULT NULL, "token" character varying(255) DEFAULT NULL, "ip_address" character varying(255) DEFAULT NULL, "created_at" timestamp DEFAULT NULL, "updated_at" timestamp DEFAULT NULL) [0m
  [4;36;1mSQL (0.018872)[0m   [0;1mCREATE TABLE schema_info (version integer)[0m
  [4;35;1mSQL (0.003179)[0m   [0mINSERT INTO schema_info (version) VALUES(0)[0m
  [4;36;1mSQL (0.000000)[0m   [0;1mPGError: ERROR: relation "schema_info" already exists
: CREATE TABLE schema_info (version integer)[0m
  [4;35;1mSQL (0.002524)[0m   [0mSELECT version FROM schema_info[0m
Migrating to CreateLinks (1)
  [4;36;1mSQL (0.153805)[0m   [0;1mCREATE TABLE links ("id" serial primary key, "website_url" text DEFAULT NULL, "token" character varying(255) DEFAULT NULL, "ip_address" character varying(255) DEFAULT NULL, "created_at" timestamp DEFAULT NULL, "updated_at" timestamp DEFAULT NULL) [0m
  [4;35;1mSQL (0.051972)[0m   [0mCREATE INDEX "index_links_on_token" ON links ("token")[0m
  [4;36;1mSQL (0.006267)[0m   [0;1mUPDATE schema_info SET version = 1[0m
  [4;35;1mSQL (0.001281)[0m   [0mSELECT * FROM schema_info[0m
  [4;36;1mSQL (0.012350)[0m   [0;1mSHOW search_path[0m
  [4;35;1mSQL (0.098529)[0m   [0m SELECT tablename
 FROM pg_tables
 WHERE schemaname IN ('$user','public')
[0m
  [4;36;1mSQL (0.015275)[0m   [0;1m SELECT a.attname, format_type(a.atttypid, a.atttypmod), d.adsrc, a.attnotnull
 FROM pg_attribute a LEFT JOIN pg_attrdef d
 ON a.attrelid = d.adrelid AND a.attnum = d.adnum
 WHERE a.attrelid = 'links'::regclass
 AND a.attnum > 0 AND NOT a.attisdropped
 ORDER BY a.attnum
[0m
  [4;35;1mPK and serial sequence (0.043443)[0m   [0m SELECT attr.attname, name.nspname, seq.relname
 FROM pg_class seq,
 pg_attribute attr,
 pg_depend dep,
 pg_namespace name,
 pg_constraint cons
 WHERE seq.oid = dep.objid
 AND seq.relnamespace = name.oid
 AND seq.relkind = 'S'
 AND attr.attrelid = dep.refobjid
 AND attr.attnum = dep.refobjsubid
 AND attr.attrelid = cons.conrelid
 AND attr.attnum = cons.conkey[1]
 AND cons.contype = 'p'
 AND dep.refobjid = 'links'::regclass
[0m
  [4;36;1mSQL (0.053579)[0m   [0;1m SELECT i.relname, d.indisunique, a.attname
 FROM pg_class t, pg_class i, pg_index d, pg_attribute a
 WHERE i.relkind = 'i'
 AND d.indexrelid = i.oid
 AND d.indisprimary = 'f'
 AND t.oid = d.indrelid
 AND t.relname = 'links'
 AND a.attrelid = t.oid
 AND ( d.indkey[0]=a.attnum OR d.indkey[1]=a.attnum
 OR d.indkey[2]=a.attnum OR d.indkey[3]=a.attnum
 OR d.indkey[4]=a.attnum OR d.indkey[5]=a.attnum
 OR d.indkey[6]=a.attnum OR d.indkey[7]=a.attnum
 OR d.indkey[8]=a.attnum OR d.indkey[9]=a.attnum )
 ORDER BY i.relname
[0m
  [4;36;1mSQL (0.022363)[0m   [0;1m SELECT a.attname, format_type(a.atttypid, a.atttypmod), d.adsrc, a.attnotnull
 FROM pg_attribute a LEFT JOIN pg_attrdef d
 ON a.attrelid = d.adrelid AND a.attnum = d.adnum
 WHERE a.attrelid = 'links'::regclass
 AND a.attnum > 0 AND NOT a.attisdropped
 ORDER BY a.attnum
[0m
  [4;35;1mLink Load (0.030225)[0m   [0mSELECT * FROM links WHERE (links."token" = '12') LIMIT 1[0m
